C:\Program Files (x86)\Microsoft Visual Studio\2019\Community\MSBuild\Microsoft\VC\v160\Microsoft.CppBuild.targets(513,5): warning MSB8028: The intermediate directory (Debug\) contains files shared from another project (Win32SimpleSample.vcxproj).  This can lead to incorrect clean and rebuild behavior.
  MFCFrame.cpp
  _WIN32_WINNT not defined. Defaulting to _WIN32_WINNT_MAXVER (see WinSDKVer.h)
  MFCMain.cpp
  _WIN32_WINNT not defined. Defaulting to _WIN32_WINNT_MAXVER (see WinSDKVer.h)
  Main.cpp
  _WIN32_WINNT not defined. Defaulting to _WIN32_WINNT_MAXVER (see WinSDKVer.h)
  ToolMain.cpp
  _WIN32_WINNT not defined. Defaulting to _WIN32_WINNT_MAXVER (see WinSDKVer.h)
C:\Uni Work\CMP405\CMP405_Labs\WOFFCEdit\ToolMain.cpp(94,46): warning C4244: '=': conversion from 'double' to 'float', possible loss of data
C:\Uni Work\CMP405\CMP405_Labs\WOFFCEdit\ToolMain.cpp(95,46): warning C4244: '=': conversion from 'double' to 'float', possible loss of data
C:\Uni Work\CMP405\CMP405_Labs\WOFFCEdit\ToolMain.cpp(96,46): warning C4244: '=': conversion from 'double' to 'float', possible loss of data
C:\Uni Work\CMP405\CMP405_Labs\WOFFCEdit\ToolMain.cpp(97,46): warning C4244: '=': conversion from 'double' to 'float', possible loss of data
C:\Uni Work\CMP405\CMP405_Labs\WOFFCEdit\ToolMain.cpp(98,46): warning C4244: '=': conversion from 'double' to 'float', possible loss of data
C:\Uni Work\CMP405\CMP405_Labs\WOFFCEdit\ToolMain.cpp(99,46): warning C4244: '=': conversion from 'double' to 'float', possible loss of data
C:\Uni Work\CMP405\CMP405_Labs\WOFFCEdit\ToolMain.cpp(100,46): warning C4244: '=': conversion from 'double' to 'float', possible loss of data
C:\Uni Work\CMP405\CMP405_Labs\WOFFCEdit\ToolMain.cpp(101,46): warning C4244: '=': conversion from 'double' to 'float', possible loss of data
C:\Uni Work\CMP405\CMP405_Labs\WOFFCEdit\ToolMain.cpp(102,46): warning C4244: '=': conversion from 'double' to 'float', possible loss of data
C:\Uni Work\CMP405\CMP405_Labs\WOFFCEdit\ToolMain.cpp(114,48): warning C4244: '=': conversion from 'double' to 'float', possible loss of data
C:\Uni Work\CMP405\CMP405_Labs\WOFFCEdit\ToolMain.cpp(115,48): warning C4244: '=': conversion from 'double' to 'float', possible loss of data
C:\Uni Work\CMP405\CMP405_Labs\WOFFCEdit\ToolMain.cpp(116,48): warning C4244: '=': conversion from 'double' to 'float', possible loss of data
C:\Uni Work\CMP405\CMP405_Labs\WOFFCEdit\ToolMain.cpp(120,48): warning C4244: '=': conversion from 'double' to 'float', possible loss of data
C:\Uni Work\CMP405\CMP405_Labs\WOFFCEdit\ToolMain.cpp(121,47): warning C4244: '=': conversion from 'double' to 'float', possible loss of data
C:\Uni Work\CMP405\CMP405_Labs\WOFFCEdit\ToolMain.cpp(122,42): warning C4244: '=': conversion from 'int' to 'float', possible loss of data
C:\Uni Work\CMP405\CMP405_Labs\WOFFCEdit\ToolMain.cpp(126,50): warning C4244: '=': conversion from 'double' to 'int', possible loss of data
C:\Uni Work\CMP405\CMP405_Labs\WOFFCEdit\ToolMain.cpp(127,50): warning C4244: '=': conversion from 'double' to 'int', possible loss of data
C:\Uni Work\CMP405\CMP405_Labs\WOFFCEdit\ToolMain.cpp(137,57): warning C4244: '=': conversion from 'double' to 'float', possible loss of data
C:\Uni Work\CMP405\CMP405_Labs\WOFFCEdit\ToolMain.cpp(138,57): warning C4244: '=': conversion from 'double' to 'float', possible loss of data
C:\Uni Work\CMP405\CMP405_Labs\WOFFCEdit\ToolMain.cpp(139,57): warning C4244: '=': conversion from 'double' to 'float', possible loss of data
C:\Uni Work\CMP405\CMP405_Labs\WOFFCEdit\ToolMain.cpp(140,58): warning C4244: '=': conversion from 'double' to 'float', possible loss of data
C:\Uni Work\CMP405\CMP405_Labs\WOFFCEdit\ToolMain.cpp(141,58): warning C4244: '=': conversion from 'double' to 'float', possible loss of data
C:\Uni Work\CMP405\CMP405_Labs\WOFFCEdit\ToolMain.cpp(142,58): warning C4244: '=': conversion from 'double' to 'float', possible loss of data
C:\Uni Work\CMP405\CMP405_Labs\WOFFCEdit\ToolMain.cpp(143,59): warning C4244: '=': conversion from 'double' to 'float', possible loss of data
C:\Uni Work\CMP405\CMP405_Labs\WOFFCEdit\ToolMain.cpp(144,56): warning C4244: '=': conversion from 'double' to 'float', possible loss of data
C:\Uni Work\CMP405\CMP405_Labs\WOFFCEdit\ToolMain.cpp(145,54): warning C4244: '=': conversion from 'double' to 'float', possible loss of data
C:\Uni Work\CMP405\CMP405_Labs\WOFFCEdit\ToolMain.cpp(146,57): warning C4244: '=': conversion from 'double' to 'float', possible loss of data
  Generating Code...
  Win32SimpleSample.vcxproj -> C:\Uni Work\CMP405\CMP405_Labs\WOFFCEdit\Debug\WoFEdit.exe
